2025-02-22T22:18:17.460+05:30  INFO 19580 --- [Employee-Management-System] [main] c.a.EmployeeManagementSystemApplication  : Starting EmployeeManagementSystemApplication using Java 23.0.1 with PID 19580 (C:\Users\gsivakrishna\Documents\Internship Assignments\Assignments\Employee-Management-System\target\classes started by gsivakrishna in C:\Users\gsivakrishna\Documents\Internship Assignments\Assignments\Employee-Management-System)
2025-02-22T22:18:17.463+05:30  INFO 19580 --- [Employee-Management-System] [main] c.a.EmployeeManagementSystemApplication  : No active profile set, falling back to 1 default profile: "default"
2025-02-22T22:18:18.878+05:30  INFO 19580 --- [Employee-Management-System] [main] .s.d.r.c.RepositoryConfigurationDelegate : Bootstrapping Spring Data JPA repositories in DEFAULT mode.
2025-02-22T22:18:18.988+05:30  INFO 19580 --- [Employee-Management-System] [main] .s.d.r.c.RepositoryConfigurationDelegate : Finished Spring Data repository scanning in 82 ms. Found 2 JPA repository interfaces.
2025-02-22T22:18:19.732+05:30  INFO 19580 --- [Employee-Management-System] [main] o.s.b.w.embedded.tomcat.TomcatWebServer  : Tomcat initialized with port 8080 (http)
2025-02-22T22:18:19.753+05:30  INFO 19580 --- [Employee-Management-System] [main] o.apache.catalina.core.StandardService   : Starting service [Tomcat]
2025-02-22T22:18:19.753+05:30  INFO 19580 --- [Employee-Management-System] [main] o.apache.catalina.core.StandardEngine    : Starting Servlet engine: [Apache Tomcat/10.1.34]
2025-02-22T22:18:19.856+05:30  INFO 19580 --- [Employee-Management-System] [main] o.a.c.c.C.[Tomcat].[localhost].[/]       : Initializing Spring embedded WebApplicationContext
2025-02-22T22:18:19.857+05:30  INFO 19580 --- [Employee-Management-System] [main] w.s.c.ServletWebServerApplicationContext : Root WebApplicationContext: initialization completed in 2318 ms
2025-02-22T22:18:20.086+05:30  INFO 19580 --- [Employee-Management-System] [main] o.hibernate.jpa.internal.util.LogHelper  : HHH000204: Processing PersistenceUnitInfo [name: default]
2025-02-22T22:18:20.181+05:30  INFO 19580 --- [Employee-Management-System] [main] org.hibernate.Version                    : HHH000412: Hibernate ORM core version 6.6.5.Final
2025-02-22T22:18:20.233+05:30  INFO 19580 --- [Employee-Management-System] [main] o.h.c.internal.RegionFactoryInitiator    : HHH000026: Second-level cache disabled
2025-02-22T22:18:20.613+05:30  INFO 19580 --- [Employee-Management-System] [main] o.s.o.j.p.SpringPersistenceUnitInfo      : No LoadTimeWeaver setup: ignoring JPA class transformer
2025-02-22T22:18:20.659+05:30  INFO 19580 --- [Employee-Management-System] [main] com.zaxxer.hikari.HikariDataSource       : HikariPool-1 - Starting...
2025-02-22T22:18:21.137+05:30  INFO 19580 --- [Employee-Management-System] [main] com.zaxxer.hikari.pool.HikariPool        : HikariPool-1 - Added connection com.mysql.cj.jdbc.ConnectionImpl@2e7a9db7
2025-02-22T22:18:21.138+05:30  INFO 19580 --- [Employee-Management-System] [main] com.zaxxer.hikari.HikariDataSource       : HikariPool-1 - Start completed.
2025-02-22T22:18:21.246+05:30  INFO 19580 --- [Employee-Management-System] [main] org.hibernate.orm.connections.pooling    : HHH10001005: Database info:
	Database JDBC URL [Connecting through datasource 'HikariDataSource (HikariPool-1)']
	Database driver: undefined/unknown
	Database version: 8.0.41
	Autocommit mode: undefined/unknown
	Isolation level: undefined/unknown
	Minimum pool size: undefined/unknown
	Maximum pool size: undefined/unknown
2025-02-22T22:18:22.372+05:30  INFO 19580 --- [Employee-Management-System] [main] o.h.e.t.j.p.i.JtaPlatformInitiator       : HHH000489: No JTA platform available (set 'hibernate.transaction.jta.platform' to enable JTA platform integration)
2025-02-22T22:18:22.464+05:30  INFO 19580 --- [Employee-Management-System] [main] j.LocalContainerEntityManagerFactoryBean : Initialized JPA EntityManagerFactory for persistence unit 'default'
2025-02-22T22:18:23.116+05:30  INFO 19580 --- [Employee-Management-System] [main] o.s.d.j.r.query.QueryEnhancerFactory     : Hibernate is in classpath; If applicable, HQL parser will be used.
2025-02-22T22:18:24.224+05:30  WARN 19580 --- [Employee-Management-System] [main] JpaBaseConfiguration$JpaWebConfiguration : spring.jpa.open-in-view is enabled by default. Therefore, database queries may be performed during view rendering. Explicitly configure spring.jpa.open-in-view to disable this warning
2025-02-22T22:18:24.809+05:30  INFO 19580 --- [Employee-Management-System] [main] o.s.b.w.embedded.tomcat.TomcatWebServer  : Tomcat started on port 8080 (http) with context path '/'
2025-02-22T22:18:24.819+05:30  INFO 19580 --- [Employee-Management-System] [main] c.a.EmployeeManagementSystemApplication  : Started EmployeeManagementSystemApplication in 8.039 seconds (process running for 8.972)
2025-02-22T22:18:40.208+05:30  INFO 19580 --- [Employee-Management-System] [http-nio-8080-exec-1] o.a.c.c.C.[Tomcat].[localhost].[/]       : Initializing Spring DispatcherServlet 'dispatcherServlet'
2025-02-22T22:18:40.209+05:30  INFO 19580 --- [Employee-Management-System] [http-nio-8080-exec-1] o.s.web.servlet.DispatcherServlet        : Initializing Servlet 'dispatcherServlet'
2025-02-22T22:18:40.213+05:30  INFO 19580 --- [Employee-Management-System] [http-nio-8080-exec-1] o.s.web.servlet.DispatcherServlet        : Completed initialization in 2 ms
2025-02-22T22:18:40.545+05:30  WARN 19580 --- [Employee-Management-System] [http-nio-8080-exec-2] ration$PageModule$WarningLoggingModifier : Serializing PageImpl instances as-is is not supported, meaning that there is no guarantee about the stability of the resulting JSON structure!
	For a stable JSON structure, please use Spring Data's PagedModel (globally via @EnableSpringDataWebSupport(pageSerializationMode = VIA_DTO))
	or Spring HATEOAS and Spring Data's PagedResourcesAssembler as documented in https://docs.spring.io/spring-data/commons/reference/repositories/core-extensions.html#core.web.pageables.

2025-02-22T22:20:39.783+05:30  WARN 19580 --- [Employee-Management-System] [http-nio-8080-exec-6] c.a.s.EmployeeServiceImpl                : Duplicate email detected: gedelasivakrishna1@gmail.com
2025-02-22T22:22:10.172+05:30  INFO 19580 --- [Employee-Management-System] [SpringApplicationShutdownHook] o.s.b.w.e.tomcat.GracefulShutdown        : Commencing graceful shutdown. Waiting for active requests to complete
2025-02-22T22:22:10.179+05:30  INFO 19580 --- [Employee-Management-System] [tomcat-shutdown] o.s.b.w.e.tomcat.GracefulShutdown        : Graceful shutdown complete
2025-02-22T22:22:10.183+05:30  INFO 19580 --- [Employee-Management-System] [SpringApplicationShutdownHook] j.LocalContainerEntityManagerFactoryBean : Closing JPA EntityManagerFactory for persistence unit 'default'
2025-02-22T22:22:10.185+05:30  INFO 19580 --- [Employee-Management-System] [SpringApplicationShutdownHook] com.zaxxer.hikari.HikariDataSource       : HikariPool-1 - Shutdown initiated...
2025-02-22T22:22:10.194+05:30  INFO 19580 --- [Employee-Management-System] [SpringApplicationShutdownHook] com.zaxxer.hikari.HikariDataSource       : HikariPool-1 - Shutdown completed.
2025-02-24T10:07:07.990+05:30  INFO 2716 --- [Employee-Management-System] [main] c.a.EmployeeManagementSystemApplication  : Starting EmployeeManagementSystemApplication using Java 23.0.1 with PID 2716 (C:\Users\gsivakrishna\Documents\Internship Assignments\Assignments\Employee-Management-System\target\classes started by gsivakrishna in C:\Users\gsivakrishna\Documents\Internship Assignments\Assignments\Employee-Management-System)
2025-02-24T10:07:07.992+05:30  INFO 2716 --- [Employee-Management-System] [main] c.a.EmployeeManagementSystemApplication  : No active profile set, falling back to 1 default profile: "default"
2025-02-24T10:07:09.402+05:30  INFO 2716 --- [Employee-Management-System] [main] .s.d.r.c.RepositoryConfigurationDelegate : Bootstrapping Spring Data JPA repositories in DEFAULT mode.
2025-02-24T10:07:09.496+05:30  INFO 2716 --- [Employee-Management-System] [main] .s.d.r.c.RepositoryConfigurationDelegate : Finished Spring Data repository scanning in 79 ms. Found 2 JPA repository interfaces.
2025-02-24T10:07:10.328+05:30  INFO 2716 --- [Employee-Management-System] [main] o.s.b.w.embedded.tomcat.TomcatWebServer  : Tomcat initialized with port 8080 (http)
2025-02-24T10:07:10.345+05:30  INFO 2716 --- [Employee-Management-System] [main] o.apache.catalina.core.StandardService   : Starting service [Tomcat]
2025-02-24T10:07:10.347+05:30  INFO 2716 --- [Employee-Management-System] [main] o.apache.catalina.core.StandardEngine    : Starting Servlet engine: [Apache Tomcat/10.1.34]
2025-02-24T10:07:10.431+05:30  INFO 2716 --- [Employee-Management-System] [main] o.a.c.c.C.[Tomcat].[localhost].[/]       : Initializing Spring embedded WebApplicationContext
2025-02-24T10:07:10.431+05:30  INFO 2716 --- [Employee-Management-System] [main] w.s.c.ServletWebServerApplicationContext : Root WebApplicationContext: initialization completed in 2370 ms
2025-02-24T10:07:10.889+05:30  INFO 2716 --- [Employee-Management-System] [main] o.hibernate.jpa.internal.util.LogHelper  : HHH000204: Processing PersistenceUnitInfo [name: default]
2025-02-24T10:07:11.074+05:30  INFO 2716 --- [Employee-Management-System] [main] org.hibernate.Version                    : HHH000412: Hibernate ORM core version 6.6.5.Final
2025-02-24T10:07:11.176+05:30  INFO 2716 --- [Employee-Management-System] [main] o.h.c.internal.RegionFactoryInitiator    : HHH000026: Second-level cache disabled
2025-02-24T10:07:11.591+05:30  INFO 2716 --- [Employee-Management-System] [main] o.s.o.j.p.SpringPersistenceUnitInfo      : No LoadTimeWeaver setup: ignoring JPA class transformer
2025-02-24T10:07:11.630+05:30  INFO 2716 --- [Employee-Management-System] [main] com.zaxxer.hikari.HikariDataSource       : HikariPool-1 - Starting...
2025-02-24T10:07:12.094+05:30  INFO 2716 --- [Employee-Management-System] [main] com.zaxxer.hikari.pool.HikariPool        : HikariPool-1 - Added connection com.mysql.cj.jdbc.ConnectionImpl@5b0e9e0c
2025-02-24T10:07:12.095+05:30  INFO 2716 --- [Employee-Management-System] [main] com.zaxxer.hikari.HikariDataSource       : HikariPool-1 - Start completed.
2025-02-24T10:07:12.200+05:30  INFO 2716 --- [Employee-Management-System] [main] org.hibernate.orm.connections.pooling    : HHH10001005: Database info:
	Database JDBC URL [Connecting through datasource 'HikariDataSource (HikariPool-1)']
	Database driver: undefined/unknown
	Database version: 8.0.41
	Autocommit mode: undefined/unknown
	Isolation level: undefined/unknown
	Minimum pool size: undefined/unknown
	Maximum pool size: undefined/unknown
2025-02-24T10:07:13.395+05:30  INFO 2716 --- [Employee-Management-System] [main] o.h.e.t.j.p.i.JtaPlatformInitiator       : HHH000489: No JTA platform available (set 'hibernate.transaction.jta.platform' to enable JTA platform integration)
2025-02-24T10:07:13.504+05:30  INFO 2716 --- [Employee-Management-System] [main] j.LocalContainerEntityManagerFactoryBean : Initialized JPA EntityManagerFactory for persistence unit 'default'
2025-02-24T10:07:14.173+05:30  INFO 2716 --- [Employee-Management-System] [main] o.s.d.j.r.query.QueryEnhancerFactory     : Hibernate is in classpath; If applicable, HQL parser will be used.
2025-02-24T10:07:15.540+05:30  WARN 2716 --- [Employee-Management-System] [main] JpaBaseConfiguration$JpaWebConfiguration : spring.jpa.open-in-view is enabled by default. Therefore, database queries may be performed during view rendering. Explicitly configure spring.jpa.open-in-view to disable this warning
2025-02-24T10:07:16.157+05:30  INFO 2716 --- [Employee-Management-System] [main] o.s.b.w.embedded.tomcat.TomcatWebServer  : Tomcat started on port 8080 (http) with context path '/'
2025-02-24T10:07:16.169+05:30  INFO 2716 --- [Employee-Management-System] [main] c.a.EmployeeManagementSystemApplication  : Started EmployeeManagementSystemApplication in 8.833 seconds (process running for 9.94)
2025-02-24T10:28:05.267+05:30  INFO 2716 --- [Employee-Management-System] [http-nio-8080-exec-2] o.a.c.c.C.[Tomcat].[localhost].[/]       : Initializing Spring DispatcherServlet 'dispatcherServlet'
2025-02-24T10:28:05.268+05:30  INFO 2716 --- [Employee-Management-System] [http-nio-8080-exec-2] o.s.web.servlet.DispatcherServlet        : Initializing Servlet 'dispatcherServlet'
2025-02-24T10:28:05.270+05:30  INFO 2716 --- [Employee-Management-System] [http-nio-8080-exec-2] o.s.web.servlet.DispatcherServlet        : Completed initialization in 2 ms
2025-02-24T10:28:05.597+05:30  WARN 2716 --- [Employee-Management-System] [http-nio-8080-exec-2] ration$PageModule$WarningLoggingModifier : Serializing PageImpl instances as-is is not supported, meaning that there is no guarantee about the stability of the resulting JSON structure!
	For a stable JSON structure, please use Spring Data's PagedModel (globally via @EnableSpringDataWebSupport(pageSerializationMode = VIA_DTO))
	or Spring HATEOAS and Spring Data's PagedResourcesAssembler as documented in https://docs.spring.io/spring-data/commons/reference/repositories/core-extensions.html#core.web.pageables.

2025-02-24T13:03:09.087+05:30  INFO 2716 --- [Employee-Management-System] [SpringApplicationShutdownHook] o.s.b.w.e.tomcat.GracefulShutdown        : Commencing graceful shutdown. Waiting for active requests to complete
2025-02-24T13:03:09.099+05:30  INFO 2716 --- [Employee-Management-System] [tomcat-shutdown] o.s.b.w.e.tomcat.GracefulShutdown        : Graceful shutdown complete
2025-02-24T13:03:09.109+05:30  INFO 2716 --- [Employee-Management-System] [SpringApplicationShutdownHook] j.LocalContainerEntityManagerFactoryBean : Closing JPA EntityManagerFactory for persistence unit 'default'
2025-02-24T13:03:09.116+05:30  INFO 2716 --- [Employee-Management-System] [SpringApplicationShutdownHook] com.zaxxer.hikari.HikariDataSource       : HikariPool-1 - Shutdown initiated...
2025-02-24T13:03:09.123+05:30  INFO 2716 --- [Employee-Management-System] [SpringApplicationShutdownHook] com.zaxxer.hikari.HikariDataSource       : HikariPool-1 - Shutdown completed.
